{"type":"server-started","port":51002,"host":"127.0.0.1","url_host":"localhost","url":"http://localhost:51002","screen_dir":"/Users/oshi/portfolio-website/.superpowers/brainstorm/48045-1774486185/content","state_dir":"/Users/oshi/portfolio-website/.superpowers/brainstorm/48045-1774486185/state"}
{"type":"screen-added","file":"/Users/oshi/portfolio-website/.superpowers/brainstorm/48045-1774486185/content/vibe.html"}
{"source":"user-event","type":"click","text":"C\n    \n      Bold & Creative\n      Dark with rich colors, gradient accents, dynamic layout. Feels like a creative studio. Eye-catching and memorable.","choice":"bold-creative","id":null,"timestamp":1774486228838}
{"source":"user-event","type":"click","text":"C\n    \n      Bold & Creative\n      Dark with rich colors, gradient accents, dynamic layout. Feels like a creative studio. Eye-catching and memorable.","choice":"bold-creative","id":null,"timestamp":1774486230220}
{"source":"user-event","type":"click","text":"C\n    \n      Bold & Creative\n      Dark with rich colors, gradient accents, dynamic layout. Feels like a creative studio. Eye-catching and memorable.","choice":"bold-creative","id":null,"timestamp":1774486230388}
{"source":"user-event","type":"click","text":"C\n    \n      Bold & Creative\n      Dark with rich colors, gradient accents, dynamic layout. Feels like a creative studio. Eye-catching and memorable.","choice":"bold-creative","id":null,"timestamp":1774486230571}
{"source":"user-event","type":"click","text":"C\n    \n      Bold & Creative\n      Dark with rich colors, gradient accents, dynamic layout. Feels like a creative studio. Eye-catching and memorable.","choice":"bold-creative","id":null,"timestamp":1774486231305}
{"type":"screen-added","file":"/Users/oshi/portfolio-website/.superpowers/brainstorm/48045-1774486185/content/colors.html"}
{"type":"screen-added","file":"/Users/oshi/portfolio-website/.superpowers/brainstorm/48045-1774486185/content/palette-preview.html"}
{"type":"screen-added","file":"/Users/oshi/portfolio-website/.superpowers/brainstorm/48045-1774486185/content/palette-preview-v2.html"}
{"type":"screen-added","file":"/Users/oshi/portfolio-website/.superpowers/brainstorm/48045-1774486185/content/scroll-3d.html"}
{"source":"user-event","type":"click","text":"C\n    \n      3D Tilt Grid\n      Grid layout — each card tilts toward you on hover with depth shadow\n    \n  \n  \n    Karma Duotage\n    Leaftage V1\n    TMOA HT3\n    Lunamc Mace\n    Lunamc Cart\n    Christmas Tage","choice":"tilt-grid","id":null,"timestamp":1774488668772}
{"source":"user-event","type":"click","text":"C\n    \n      3D Tilt Grid\n      Grid layout — each card tilts toward you on hover with depth shadow\n    \n  \n  \n    Karma Duotage\n    Leaftage V1\n    TMOA HT3\n    Lunamc Mace\n    Lunamc Cart\n    Christmas Tage","choice":"tilt-grid","id":null,"timestamp":1774488669637}
{"source":"user-event","type":"click","text":"A\n    \n      Perspective Scroll Row\n      Cards tilt in 3D as you hover — scroll horizontally through all work\n    \n  \n  \n    \n      Karma Duotage\n    \n      Leaftage V1\n    \n      TMOA HT3\n    \n      Lunamc Mace\n    \n      Lunamc Cart\n    \n      Christmas Tage","choice":"persp-row","id":null,"timestamp":1774488670170}
{"source":"user-event","type":"click","text":"B\n    \n      Auto-Scrolling 3D Marquee\n      Thumbnails scroll automatically in an infinite loop with perspective depth\n    \n  \n  \n    \n      Karma Duotage\n      Leaftage V1\n      TMOA HT3\n      Lunamc Mace\n      Lunamc Cart\n      Christmas Tage\n      \n      Karma Duotage\n      Leaftage V1\n      TMOA HT3\n      Lunamc Mace\n      Lunamc Cart\n      Christmas Tage","choice":"marquee","id":null,"timestamp":1774488672655}
{"source":"user-event","type":"click","text":"C\n    \n      3D Tilt Grid\n      Grid layout — each card tilts toward you on hover with depth shadow\n    \n  \n  \n    Karma Duotage\n    Leaftage V1\n    TMOA HT3\n    Lunamc Mace\n    Lunamc Cart\n    Christmas Tage","choice":"tilt-grid","id":null,"timestamp":1774488673803}
{"source":"user-event","type":"click","text":"A\n    \n      Perspective Scroll Row\n      Cards tilt in 3D as you hover — scroll horizontally through all work\n    \n  \n  \n    \n      Karma Duotage\n    \n      Leaftage V1\n    \n      TMOA HT3\n    \n      Lunamc Mace\n    \n      Lunamc Cart\n    \n      Christmas Tage","choice":"persp-row","id":null,"timestamp":1774488674270}
{"source":"user-event","type":"click","text":"A\n    \n      Perspective Scroll Row\n      Cards tilt in 3D as you hover — scroll horizontally through all work\n    \n  \n  \n    \n      Karma Duotage\n    \n      Leaftage V1\n    \n      TMOA HT3\n    \n      Lunamc Mace\n    \n      Lunamc Cart\n    \n      Christmas Tage","choice":"persp-row","id":null,"timestamp":1774488675337}
{"source":"user-event","type":"click","text":"A\n    \n      Perspective Scroll Row\n      Cards tilt in 3D as you hover — scroll horizontally through all work\n    \n  \n  \n    \n      Karma Duotage\n    \n      Leaftage V1\n    \n      TMOA HT3\n    \n      Lunamc Mace\n    \n      Lunamc Cart\n    \n      Christmas Tage","choice":"persp-row","id":null,"timestamp":1774488690154}
{"type":"screen-added","file":"/Users/oshi/portfolio-website/.superpowers/brainstorm/48045-1774486185/content/scroll-3d-v2.html"}
{"source":"user-event","type":"click","text":"A\n    \n      Perspective Scroll Row\n      Scroll sideways · cards tilt on hover · label fades in\n    \n  \n  \n    Karma Duotage\n    Leaftage V1\n    TMOA HT3\n    Lunamc Mace Duotage\n    Lunamc Cart HT3\n    Christmas Leaftage\n  \n  ← scroll to see all →","choice":"persp-row","id":null,"timestamp":1774489000907}
{"source":"user-event","type":"click","text":"B\n    \n      Auto-Scrolling 3D Marquee\n      Plays automatically · pauses on hover · infinite loop\n    \n  \n  \n    \n      \n      \n      \n      \n      \n      \n      \n      \n      \n      \n      \n      \n      \n    \n  \n  Hover to pause","choice":"marquee","id":null,"timestamp":1774489001702}
{"source":"user-event","type":"click","text":"B\n    \n      Auto-Scrolling 3D Marquee\n      Plays automatically · pauses on hover · infinite loop\n    \n  \n  \n    \n      \n      \n      \n      \n      \n      \n      \n      \n      \n      \n      \n      \n      \n    \n  \n  Hover to pause","choice":"marquee","id":null,"timestamp":1774489001704}
{"type":"server-stopped","reason":"idle timeout"}
